3th bit 
mask << i : 8
result : 0
0
--------------------------2th bit 
mask << i : 4
result : 0
0
--------------------------1th bit 
mask << i : 2
result : 0
0
--------------------------0th bit 
mask << i : 1
result : 0
0
--------------------------3th bit 
mask << i : 8
result : 0
0
--------------------------2th bit 
mask << i : 4
result : 0
0
--------------------------1th bit 
mask << i : 2
result : 0
0
--------------------------0th bit 
mask << i : 1
result : 0
0
--------------------------3th bit 
mask << i : 8
result : 0
0
--------------------------2th bit 
mask << i : 4
result : 0
0
--------------------------1th bit 
mask << i : 2
result : 0
0
--------------------------0th bit 
mask << i : 1
result : 0
0
--------------------------3th bit 
mask << i : 8
result : 8
1
--------------------------2th bit 
mask << i : 4
result : 0
0
--------------------------1th bit 
mask << i : 2
result : 0
0
--------------------------0th bit 
mask << i : 1
result : 0
0
--------------------------3th bit 
mask << i : 8
result : 0
0
--------------------------2th bit 
mask << i : 4
result : 0
0
--------------------------1th bit 
mask << i : 2
result : 0
0
--------------------------0th bit 
mask << i : 1
result : 0
0
--------------------------3th bit 
mask << i : 8
result : 0
0
--------------------------2th bit 
mask << i : 4
result : 0
0
--------------------------1th bit 
mask << i : 2
result : 0
0
--------------------------0th bit 
mask << i : 1
result : 0
0
--------------------------3th bit 
mask << i : 8
result : 0
0
--------------------------2th bit 
mask << i : 4
result : 0
0
--------------------------1th bit 
mask << i : 2
result : 0
0
--------------------------0th bit 
mask << i : 1
result : 0
0
--------------------------3th bit 
mask << i : 8
result : 0
0
--------------------------2th bit 
mask << i : 4
result : 0
0
--------------------------1th bit 
mask << i : 2
result : 0
0
--------------------------0th bit 
mask << i : 1
result : 0
0
--------------------------